*** Using Compiler 'V6.21', folder: 'C:\Users\penguin\Documents\yujie\insectacide\ide_space\core\ARM\ARMCLANG\Bin'
Build target 'V2M-MPS2+'
compiling main_s.c...
creating list file for main_s.c...
creating list file for sherloc_helper_s.c...
compiling sherloc_helper_s.c...
creating list file for sherloc_s.c...
compiling sherloc_s.c...
creating list file for USART_V2M-MPS2.c...
creating list file for retarget_io.c...
compiling USART_V2M-MPS2.c...
compiling retarget_io.c...
creating list file for startup_IOTKit_CM33.c...
compiling startup_IOTKit_CM33.c...
creating list file for system_IOTKit_CM33.c...
compiling system_IOTKit_CM33.c...
linking...
Program Size: Code=13566 RO-data=1930 RW-data=4120 ZI-data=554484  
".\Objects\Sherloc_s.axf" - 0 Error(s), 0 Warning(s).
Build Time Elapsed:  00:00:04
